<?xml version="1.0" encoding="UTF-8"?>
<!-- Generated by org.testng.reporters.JUnitXMLReporter -->
<testsuite ignored="0" hostname="UAE-NB0009" failures="0" tests="4" name="Default test" time="0.971" errors="0" timestamp="03 Jul 2021 16:10:24 GMT">
  <testcase classname="org.compare.XMLfiles.XMLComparisonTest" name="TransactionBlockNodesCheck" time="0.121"/>
  <testcase classname="org.compare.XMLfiles.XMLComparisonTest" name="TransactionBlockValuesCheck" time="0.022"/>
  <testcase classname="org.compare.XMLfiles.XMLComparisonTest" name="XMLElementComparisonCheck" time="0.028"/>
  <testcase classname="org.compare.XMLfiles.XMLComparisonTest" name="XMLNumberofTransactionBlocksComparisonCheck" time="0.013"/>
</testsuite> <!-- Default test -->
