<?xml version="1.0" encoding="UTF-8"?>
<!-- Generated by org.testng.reporters.JUnitXMLReporter -->
<testsuite ignored="0" hostname="UAE-NB0009" failures="0" tests="4" name="Test" time="0.796" errors="0" timestamp="03 Jul 2021 17:01:05 GMT">
  <testcase classname="org.compare.XMLfiles.XMLComparisonTest" name="TransactionBlockNodesCheck" time="0.081"/>
  <testcase classname="org.compare.XMLfiles.XMLComparisonTest" name="TransactionBlockValuesCheck" time="0.018"/>
  <testcase classname="org.compare.XMLfiles.XMLComparisonTest" name="XMLElementComparisonCheck" time="0.025"/>
  <testcase classname="org.compare.XMLfiles.XMLComparisonTest" name="XMLNumberofTransactionBlocksComparisonCheck" time="0.009"/>
</testsuite> <!-- Test -->
